Determining if the pthread_create exist failed with the following output:
Change Dir: /home/meiqua/6DPose/linemodLevelup/build/CMakeFiles/CMakeTmp

Run Build Command:"/usr/bin/make" "cmTC_a86fa/fast"
/usr/bin/make -f CMakeFiles/cmTC_a86fa.dir/build.make CMakeFiles/cmTC_a86fa.dir/build
make[1]: Entering directory '/home/meiqua/6DPose/linemodLevelup/build/CMakeFiles/CMakeTmp'
Building C object CMakeFiles/cmTC_a86fa.dir/CheckSymbolExists.c.o
/usr/bin/cc    -fPIC    -o CMakeFiles/cmTC_a86fa.dir/CheckSymbolExists.c.o   -c /home/meiqua/6DPose/linemodLevelup/build/CMakeFiles/CMakeTmp/CheckSymbolExists.c
Linking C executable cmTC_a86fa
/usr/bin/cmake -E cmake_link_script CMakeFiles/cmTC_a86fa.dir/link.txt --verbose=1
/usr/bin/cc  -fPIC     CMakeFiles/cmTC_a86fa.dir/CheckSymbolExists.c.o  -o cmTC_a86fa -rdynamic 
CMakeFiles/cmTC_a86fa.dir/CheckSymbolExists.c.o: In function `main':
CheckSymbolExists.c:(.text+0x1b): undefined reference to `pthread_create'
collect2: error: ld returned 1 exit status
CMakeFiles/cmTC_a86fa.dir/build.make:97: recipe for target 'cmTC_a86fa' failed
make[1]: *** [cmTC_a86fa] Error 1
make[1]: Leaving directory '/home/meiqua/6DPose/linemodLevelup/build/CMakeFiles/CMakeTmp'
Makefile:126: recipe for target 'cmTC_a86fa/fast' failed
make: *** [cmTC_a86fa/fast] Error 2

File /home/meiqua/6DPose/linemodLevelup/build/CMakeFiles/CMakeTmp/CheckSymbolExists.c:
/* */
#include <pthread.h>

int main(int argc, char** argv)
{
  (void)argv;
#ifndef pthread_create
  return ((int*)(&pthread_create))[argc];
#else
  (void)argc;
  return 0;
#endif
}

Determining if the function pthread_create exists in the pthreads failed with the following output:
Change Dir: /home/meiqua/6DPose/linemodLevelup/build/CMakeFiles/CMakeTmp

Run Build Command:"/usr/bin/make" "cmTC_0531c/fast"
/usr/bin/make -f CMakeFiles/cmTC_0531c.dir/build.make CMakeFiles/cmTC_0531c.dir/build
make[1]: Entering directory '/home/meiqua/6DPose/linemodLevelup/build/CMakeFiles/CMakeTmp'
Building C object CMakeFiles/cmTC_0531c.dir/CheckFunctionExists.c.o
/usr/bin/cc    -fPIC -DCHECK_FUNCTION_EXISTS=pthread_create   -o CMakeFiles/cmTC_0531c.dir/CheckFunctionExists.c.o   -c /usr/share/cmake-3.5/Modules/CheckFunctionExists.c
Linking C executable cmTC_0531c
/usr/bin/cmake -E cmake_link_script CMakeFiles/cmTC_0531c.dir/link.txt --verbose=1
/usr/bin/cc  -fPIC -DCHECK_FUNCTION_EXISTS=pthread_create    CMakeFiles/cmTC_0531c.dir/CheckFunctionExists.c.o  -o cmTC_0531c -rdynamic -lpthreads 
/usr/bin/ld: cannot find -lpthreads
collect2: error: ld returned 1 exit status
CMakeFiles/cmTC_0531c.dir/build.make:97: recipe for target 'cmTC_0531c' failed
make[1]: *** [cmTC_0531c] Error 1
make[1]: Leaving directory '/home/meiqua/6DPose/linemodLevelup/build/CMakeFiles/CMakeTmp'
Makefile:126: recipe for target 'cmTC_0531c/fast' failed
make: *** [cmTC_0531c/fast] Error 2


